# timestamp | duration | file | instruction | dir | modtime | etag | size | fileId | status | errorString | http result code | other size | other modtime | X-Request-ID
#=#=#=# Syncrun started 2019-03-06T09:52:36Z
#=#=#=#=# Propagation starts 2019-03-06T09:52:51Z (last step: 15154 msec, total: 15154 msec)
09:52:51||js/libraries/grafica.min.js|INST_NEW|Down|1538139018|17f031508d0d16bffc41d8031556e5c7|100629|1463791659oc641cdd42e0|3|File has changed since discovery|200|0|0|8e2f1ba2-9393-46ea-9708-a031a2c49663|
09:52:51||js/libraries/p5.dom.js|INST_NEW|Down|1524750122|5a7277900ac37fefdc22680b84a2f4b8|91892|1463791662oc641cdd42e0|3|File has changed since discovery|200|0|0|e63f5d98-636c-493e-aa23-7060168e3521|
09:52:51||js/libraries/jquery-3.3.1.min.js|INST_NEW|Down|1530886089|7f7a7531d0fd31c289278c1b29309fb7|86927|1463791668oc641cdd42e0|3|File has changed since discovery|200|0|0|160bb187-d937-4db8-8aaa-b2c5aa4b38de|
09:52:52||js/libraries/p5.dom.min.js|INST_NEW|Down|1524869900|3b66b2004b57fcfbb28dabd54132be13|19589|1463791656oc641cdd42e0|3|File has changed since discovery|200|0|0|0365d843-de56-4b74-b410-6c3d117fa0f3|
09:52:51||font/SourceCodePro-Medium.otf|INST_NEW|Down|1516250538|8e77d552155d9508bfe8a71a0745ca07|140444|1463791617oc641cdd42e0|3|File has changed since discovery|200|0|0|cf50b705-9d7f-4a5d-b8a0-eac4c5e4cc59|
09:52:52||js/libraries/p5.global-mode.d.ts|INST_NEW|Down|1524869890|7574f8b9f393dd77988f827820697871|237791|1463791677oc641cdd42e0|3|File has changed since discovery|200|0|0|86f3f9f8-e74b-4764-ac39-5c75d7339d10|
09:52:51||js/libraries/p5.d.ts|INST_NEW|Down|1524869890|2b6e0bf35bb399cf61803a6870720a64|419355|1463791674oc641cdd42e0|3|File has changed since discovery|200|0|0|4daf286a-7bd6-4eba-8b62-f3de18fe55c0|
09:52:52||js/libraries/p5.js|INST_NEW|Down|1524869896|3026a26a21a7ccbcd40d677af44ae95e|2751378|1463791752oc641cdd42e0|3|File has changed since discovery|200|0|0|6b3d32fa-b408-464f-bb7e-ffde4236444d|
09:52:54||js/libraries/p5.sound.js|INST_NEW|Down|1523055856|932520186f5f5acc5958a211a4ff6f48|423916|1463791776oc641cdd42e0|3|File has changed since discovery|200|0|0|b8c3e200-767d-486c-a5b7-507d4055aa70|
09:52:56||js/libraries/p5.pre-min.js|INST_NEW|Down|1524869896|77b18ad2afe20623cd128e233316f988|1418589|1463791875oc641cdd42e0|3|File has changed since discovery|200|0|0|c8ea69e9-fb93-407d-8629-16e365b404e9|
09:52:53||js/libraries/p5.min.js|INST_NEW|Down|1524869900|abd2737419ae13729eca27e18890c40f|398959|1463791728oc641cdd42e0|3|File has changed since discovery|200|0|0|a6df12ad-c1d2-4a01-bd6d-9637549d002f|
09:52:57||js/libraries/p5.sound.min.js|INST_NEW|Down|1516401540|aaac45a8c02fa20526bd2ad6db5aa2c5|145728|1463791791oc641cdd42e0|3|File has changed since discovery|200|0|0|f28a4b2f-7104-4d4d-9586-975944f66190|
09:52:59||js/const.js|INST_NEW|Up|1551865954|5fd78441158c8fabbcb4b132589c4dbf|1741|1465589616oc641cdd42e0|4||201|0|0|17c8f277-29c7-464f-b967-078e132d7fc2|
#=#=#=# Syncrun finished 2019-03-06T09:53:06Z (last step: 14239 msec, total: 29393 msec)
#=#=#=# Syncrun started 2019-03-06T09:53:14Z
#=#=#=#=# Propagation starts 2019-03-06T09:53:28Z (last step: 13685 msec, total: 13685 msec)
09:53:28||js/behavior.js|INST_NEW|Up|1551865419|f52eea01616982431b24e9f6907594b6|12619|1465590393oc641cdd42e0|4||201|0|0|9eacee7c-475f-4d2d-8f81-cdcaf6f0c531|
#=#=#=# Syncrun finished 2019-03-06T09:53:28Z (last step: 584 msec, total: 14269 msec)
#=#=#=# Syncrun started 2019-03-06T09:53:34Z
#=#=#=#=# Propagation starts 2019-03-06T09:53:40Z (last step: 6214 msec, total: 6214 msec)
09:53:40||js/agent.js|INST_NEW|Up|1551865419|1844a172ed99a2e727efef5daf5579fc|41750|1465590819oc641cdd42e0|4||201|0|0|94a64f2b-f90b-4c47-b924-63e32c543867|
#=#=#=# Syncrun finished 2019-03-06T09:53:42Z (last step: 1458 msec, total: 7673 msec)
#=#=#=# Syncrun started 2019-03-06T09:54:24Z
#=#=#=#=# Propagation starts 2019-03-06T09:54:34Z (last step: 10501 msec, total: 10501 msec)
#=#=#=# Syncrun finished 2019-03-06T09:54:34Z (last step: 19 msec, total: 10521 msec)
#=#=#=# Syncrun started 2019-03-06T10:23:04Z
#=#=#=# Syncrun finished 2019-03-06T10:23:05Z (last step: 667 msec, total: 667 msec)
#=#=#=# Syncrun started 2019-03-06T10:40:41Z
#=#=#=# Syncrun finished 2019-03-06T10:40:45Z (last step: 3606 msec, total: 3606 msec)
#=#=#=# Syncrun started 2019-03-06T10:40:49Z
#=#=#=# Syncrun finished 2019-03-06T10:40:52Z (last step: 3562 msec, total: 3562 msec)
#=#=#=# Syncrun started 2019-03-06T10:41:20Z
#=#=#=# Syncrun finished 2019-03-06T10:41:21Z (last step: 946 msec, total: 946 msec)
#=#=#=# Syncrun started 2019-03-06T10:45:42Z
#=#=#=# Syncrun finished 2019-03-06T10:45:42Z (last step: 404 msec, total: 404 msec)
#=#=#=# Syncrun started 2019-03-06T10:46:12Z
#=#=#=# Syncrun finished 2019-03-06T10:46:19Z (last step: 7369 msec, total: 7369 msec)
#=#=#=# Syncrun started 2019-03-06T10:49:11Z
#=#=#=# Syncrun finished 2019-03-06T10:49:12Z (last step: 464 msec, total: 464 msec)
#=#=#=# Syncrun started 2019-03-06T10:49:50Z
#=#=#=# Syncrun finished 2019-03-06T10:49:52Z (last step: 1250 msec, total: 1250 msec)
#=#=#=# Syncrun started 2019-03-06T10:50:11Z
#=#=#=# Syncrun finished 2019-03-06T10:50:14Z (last step: 2943 msec, total: 2943 msec)
#=#=#=# Syncrun started 2019-03-06T10:52:23Z
#=#=#=# Syncrun finished 2019-03-06T10:52:23Z (last step: 586 msec, total: 586 msec)
#=#=#=# Syncrun started 2019-03-06T10:58:42Z
#=#=#=# Syncrun finished 2019-03-06T10:58:43Z (last step: 1239 msec, total: 1239 msec)
#=#=#=# Syncrun started 2019-03-06T10:58:47Z
#=#=#=# Syncrun finished 2019-03-06T10:58:47Z (last step: 289 msec, total: 289 msec)
#=#=#=# Syncrun started 2019-03-06T10:59:31Z
#=#=#=# Syncrun finished 2019-03-06T10:59:32Z (last step: 442 msec, total: 442 msec)
#=#=#=# Syncrun started 2019-03-06T10:59:54Z
#=#=#=# Syncrun finished 2019-03-06T10:59:55Z (last step: 312 msec, total: 312 msec)
#=#=#=# Syncrun started 2019-03-06T11:01:40Z
#=#=#=# Syncrun finished 2019-03-06T11:01:41Z (last step: 1401 msec, total: 1401 msec)
#=#=#=# Syncrun started 2019-03-06T11:02:58Z
#=#=#=# Syncrun finished 2019-03-06T11:02:58Z (last step: 395 msec, total: 395 msec)
#=#=#=# Syncrun started 2019-03-06T11:03:20Z
#=#=#=# Syncrun finished 2019-03-06T11:03:20Z (last step: 441 msec, total: 441 msec)
#=#=#=# Syncrun started 2019-03-06T11:04:05Z
#=#=#=# Syncrun finished 2019-03-06T11:04:05Z (last step: 323 msec, total: 323 msec)
#=#=#=# Syncrun started 2019-03-06T11:08:38Z
#=#=#=# Syncrun finished 2019-03-06T11:08:38Z (last step: 389 msec, total: 389 msec)
#=#=#=# Syncrun started 2019-03-06T11:08:45Z
#=#=#=# Syncrun finished 2019-03-06T11:08:45Z (last step: 302 msec, total: 302 msec)
#=#=#=# Syncrun started 2019-03-06T11:11:03Z
#=#=#=# Syncrun finished 2019-03-06T11:11:03Z (last step: 343 msec, total: 343 msec)
#=#=#=# Syncrun started 2019-03-06T11:11:19Z
#=#=#=# Syncrun finished 2019-03-06T11:11:19Z (last step: 436 msec, total: 436 msec)
#=#=#=# Syncrun started 2019-03-06T11:21:52Z
#=#=#=# Syncrun finished 2019-03-06T11:21:52Z (last step: 314 msec, total: 314 msec)
#=#=#=# Syncrun started 2019-03-06T11:22:15Z
#=#=#=# Syncrun finished 2019-03-06T11:22:15Z (last step: 479 msec, total: 479 msec)
#=#=#=# Syncrun started 2019-03-06T11:24:19Z
#=#=#=# Syncrun finished 2019-03-06T11:24:19Z (last step: 769 msec, total: 769 msec)
#=#=#=# Syncrun started 2019-03-06T11:24:37Z
#=#=#=# Syncrun finished 2019-03-06T11:24:38Z (last step: 434 msec, total: 434 msec)
#=#=#=# Syncrun started 2019-03-06T11:25:38Z
#=#=#=# Syncrun finished 2019-03-06T11:25:39Z (last step: 689 msec, total: 689 msec)
#=#=#=# Syncrun started 2019-03-06T11:26:21Z
#=#=#=# Syncrun finished 2019-03-06T11:26:22Z (last step: 449 msec, total: 449 msec)
#=#=#=# Syncrun started 2019-03-06T12:01:37Z
#=#=#=# Syncrun finished 2019-03-06T12:01:38Z (last step: 879 msec, total: 879 msec)
#=#=#=# Syncrun started 2019-03-06T12:02:14Z
#=#=#=# Syncrun finished 2019-03-06T12:02:14Z (last step: 335 msec, total: 335 msec)
#=#=#=# Syncrun started 2019-03-06T12:04:30Z
#=#=#=# Syncrun finished 2019-03-06T12:04:31Z (last step: 477 msec, total: 477 msec)
#=#=#=# Syncrun started 2019-03-06T12:05:57Z
#=#=#=# Syncrun finished 2019-03-06T12:05:58Z (last step: 428 msec, total: 428 msec)
#=#=#=# Syncrun started 2019-03-06T12:06:50Z
#=#=#=# Syncrun finished 2019-03-06T12:06:50Z (last step: 326 msec, total: 326 msec)
#=#=#=# Syncrun started 2019-03-06T12:08:42Z
#=#=#=# Syncrun finished 2019-03-06T12:08:43Z (last step: 351 msec, total: 351 msec)
#=#=#=# Syncrun started 2019-03-06T12:09:07Z
#=#=#=# Syncrun finished 2019-03-06T12:09:08Z (last step: 338 msec, total: 338 msec)
#=#=#=# Syncrun started 2019-03-06T12:11:28Z
#=#=#=# Syncrun finished 2019-03-06T12:11:28Z (last step: 296 msec, total: 296 msec)
#=#=#=# Syncrun started 2019-03-06T12:31:19Z
#=#=#=# Syncrun finished 2019-03-06T12:31:20Z (last step: 368 msec, total: 368 msec)
#=#=#=# Syncrun started 2019-03-06T12:44:58Z
#=#=#=# Syncrun finished 2019-03-06T12:44:59Z (last step: 352 msec, total: 352 msec)
#=#=#=# Syncrun started 2019-03-06T12:45:08Z
#=#=#=# Syncrun finished 2019-03-06T12:45:08Z (last step: 268 msec, total: 268 msec)
#=#=#=# Syncrun started 2019-03-06T12:50:10Z
#=#=#=# Syncrun finished 2019-03-06T12:50:10Z (last step: 385 msec, total: 385 msec)
#=#=#=# Syncrun started 2019-03-06T12:52:06Z
#=#=#=# Syncrun finished 2019-03-06T12:52:09Z (last step: 2635 msec, total: 2635 msec)
#=#=#=# Syncrun started 2019-03-06T12:52:14Z
#=#=#=# Syncrun finished 2019-03-06T12:52:14Z (last step: 419 msec, total: 419 msec)
#=#=#=# Syncrun started 2019-03-06T12:53:10Z
#=#=#=# Syncrun finished 2019-03-06T12:53:13Z (last step: 3523 msec, total: 3523 msec)
#=#=#=# Syncrun started 2019-03-06T12:53:38Z
#=#=#=# Syncrun finished 2019-03-06T12:53:40Z (last step: 1605 msec, total: 1605 msec)
#=#=#=# Syncrun started 2019-03-06T12:54:37Z
#=#=#=# Syncrun finished 2019-03-06T12:54:38Z (last step: 436 msec, total: 436 msec)
#=#=#=# Syncrun started 2019-03-06T12:55:32Z
#=#=#=# Syncrun finished 2019-03-06T12:55:32Z (last step: 408 msec, total: 408 msec)
#=#=#=# Syncrun started 2019-03-06T12:55:45Z
#=#=#=# Syncrun finished 2019-03-06T12:55:45Z (last step: 409 msec, total: 409 msec)
#=#=#=# Syncrun started 2019-03-06T12:58:38Z
#=#=#=# Syncrun finished 2019-03-06T12:58:38Z (last step: 404 msec, total: 404 msec)
#=#=#=# Syncrun started 2019-03-06T12:59:34Z
#=#=#=# Syncrun finished 2019-03-06T12:59:36Z (last step: 1399 msec, total: 1399 msec)
#=#=#=# Syncrun started 2019-03-06T13:03:11Z
#=#=#=# Syncrun finished 2019-03-06T13:03:11Z (last step: 315 msec, total: 315 msec)
#=#=#=# Syncrun started 2019-03-06T13:03:52Z
#=#=#=# Syncrun finished 2019-03-06T13:03:53Z (last step: 405 msec, total: 405 msec)
#=#=#=# Syncrun started 2019-03-06T13:05:03Z
#=#=#=# Syncrun finished 2019-03-06T13:05:05Z (last step: 1499 msec, total: 1499 msec)
#=#=#=# Syncrun started 2019-03-06T13:05:31Z
#=#=#=# Syncrun finished 2019-03-06T13:05:31Z (last step: 463 msec, total: 463 msec)
#=#=#=# Syncrun started 2019-03-06T13:05:49Z
#=#=#=# Syncrun finished 2019-03-06T13:05:49Z (last step: 297 msec, total: 297 msec)
#=#=#=# Syncrun started 2019-03-06T13:07:43Z
#=#=#=# Syncrun finished 2019-03-06T13:07:43Z (last step: 322 msec, total: 322 msec)
#=#=#=# Syncrun started 2019-03-06T13:08:52Z
#=#=#=# Syncrun finished 2019-03-06T13:08:53Z (last step: 412 msec, total: 412 msec)
#=#=#=# Syncrun started 2019-03-06T13:11:18Z
#=#=#=# Syncrun finished 2019-03-06T13:11:18Z (last step: 354 msec, total: 354 msec)
#=#=#=# Syncrun started 2019-03-06T13:11:41Z
#=#=#=# Syncrun finished 2019-03-06T13:11:41Z (last step: 469 msec, total: 469 msec)
#=#=#=# Syncrun started 2019-03-06T13:12:15Z
#=#=#=# Syncrun finished 2019-03-06T13:12:16Z (last step: 299 msec, total: 299 msec)
#=#=#=# Syncrun started 2019-03-06T13:12:19Z
#=#=#=# Syncrun finished 2019-03-06T13:12:19Z (last step: 285 msec, total: 285 msec)
#=#=#=# Syncrun started 2019-03-06T13:13:54Z
#=#=#=# Syncrun finished 2019-03-06T13:13:55Z (last step: 449 msec, total: 449 msec)
#=#=#=# Syncrun started 2019-03-06T13:14:38Z
#=#=#=# Syncrun finished 2019-03-06T13:14:38Z (last step: 299 msec, total: 299 msec)
#=#=#=# Syncrun started 2019-03-06T13:14:46Z
#=#=#=# Syncrun finished 2019-03-06T13:14:46Z (last step: 241 msec, total: 241 msec)
#=#=#=# Syncrun started 2019-03-06T13:15:15Z
#=#=#=# Syncrun finished 2019-03-06T13:15:16Z (last step: 392 msec, total: 392 msec)
#=#=#=# Syncrun started 2019-03-06T13:17:37Z
#=#=#=# Syncrun finished 2019-03-06T13:17:38Z (last step: 1550 msec, total: 1550 msec)
#=#=#=# Syncrun started 2019-03-06T13:17:42Z
#=#=#=# Syncrun finished 2019-03-06T13:17:43Z (last step: 279 msec, total: 279 msec)
#=#=#=# Syncrun started 2019-03-06T13:17:47Z
#=#=#=# Syncrun finished 2019-03-06T13:17:48Z (last step: 739 msec, total: 739 msec)
#=#=#=# Syncrun started 2019-03-06T13:18:14Z
#=#=#=# Syncrun finished 2019-03-06T13:18:15Z (last step: 386 msec, total: 386 msec)
#=#=#=# Syncrun started 2019-03-06T13:18:20Z
#=#=#=# Syncrun finished 2019-03-06T13:18:21Z (last step: 272 msec, total: 272 msec)
#=#=#=# Syncrun started 2019-03-06T13:18:47Z
#=#=#=# Syncrun finished 2019-03-06T13:18:48Z (last step: 380 msec, total: 380 msec)
#=#=#=# Syncrun started 2019-03-06T13:20:10Z
#=#=#=# Syncrun finished 2019-03-06T13:20:11Z (last step: 536 msec, total: 536 msec)
#=#=#=# Syncrun started 2019-03-06T13:20:14Z
#=#=#=# Syncrun finished 2019-03-06T13:20:15Z (last step: 286 msec, total: 286 msec)
#=#=#=# Syncrun started 2019-03-06T13:21:55Z
#=#=#=# Syncrun finished 2019-03-06T13:21:56Z (last step: 277 msec, total: 277 msec)
#=#=#=# Syncrun started 2019-03-06T13:22:14Z
#=#=#=# Syncrun finished 2019-03-06T13:22:15Z (last step: 439 msec, total: 439 msec)
#=#=#=# Syncrun started 2019-03-06T13:22:25Z
#=#=#=# Syncrun finished 2019-03-06T13:22:27Z (last step: 1563 msec, total: 1563 msec)
#=#=#=# Syncrun started 2019-03-06T13:25:26Z
#=#=#=# Syncrun finished 2019-03-06T13:25:27Z (last step: 378 msec, total: 378 msec)
#=#=#=# Syncrun started 2019-03-06T13:25:40Z
#=#=#=# Syncrun finished 2019-03-06T13:25:40Z (last step: 477 msec, total: 477 msec)
#=#=#=# Syncrun started 2019-03-06T13:25:54Z
#=#=#=# Syncrun finished 2019-03-06T13:25:56Z (last step: 1832 msec, total: 1832 msec)
#=#=#=# Syncrun started 2019-03-06T13:26:53Z
#=#=#=# Syncrun finished 2019-03-06T13:26:55Z (last step: 1323 msec, total: 1323 msec)
#=#=#=# Syncrun started 2019-03-06T13:27:05Z
#=#=#=# Syncrun finished 2019-03-06T13:27:06Z (last step: 705 msec, total: 705 msec)
#=#=#=# Syncrun started 2019-03-06T13:27:21Z
#=#=#=# Syncrun finished 2019-03-06T13:27:23Z (last step: 1418 msec, total: 1418 msec)
#=#=#=# Syncrun started 2019-03-06T13:27:31Z
#=#=#=# Syncrun finished 2019-03-06T13:27:31Z (last step: 283 msec, total: 283 msec)
#=#=#=# Syncrun started 2019-03-06T13:29:28Z
#=#=#=# Syncrun finished 2019-03-06T13:29:30Z (last step: 1761 msec, total: 1761 msec)
#=#=#=# Syncrun started 2019-03-06T13:29:37Z
#=#=#=# Syncrun finished 2019-03-06T13:29:37Z (last step: 278 msec, total: 278 msec)
#=#=#=# Syncrun started 2019-03-06T13:30:15Z
#=#=#=# Syncrun finished 2019-03-06T13:30:19Z (last step: 3951 msec, total: 3951 msec)
#=#=#=# Syncrun started 2019-03-06T13:30:28Z
#=#=#=# Syncrun finished 2019-03-06T13:30:29Z (last step: 1325 msec, total: 1325 msec)
#=#=#=# Syncrun started 2019-03-06T13:30:58Z
#=#=#=# Syncrun finished 2019-03-06T13:30:58Z (last step: 615 msec, total: 615 msec)
#=#=#=# Syncrun started 2019-03-06T13:31:05Z
#=#=#=# Syncrun finished 2019-03-06T13:31:06Z (last step: 523 msec, total: 523 msec)
#=#=#=# Syncrun started 2019-03-06T13:31:19Z
#=#=#=# Syncrun finished 2019-03-06T13:31:20Z (last step: 974 msec, total: 974 msec)
#=#=#=# Syncrun started 2019-03-06T13:31:52Z
#=#=#=# Syncrun finished 2019-03-06T13:31:52Z (last step: 305 msec, total: 305 msec)
#=#=#=# Syncrun started 2019-03-06T13:32:08Z
#=#=#=# Syncrun finished 2019-03-06T13:32:08Z (last step: 459 msec, total: 459 msec)
#=#=#=# Syncrun started 2019-03-06T13:32:30Z
#=#=#=# Syncrun finished 2019-03-06T13:32:30Z (last step: 393 msec, total: 393 msec)
#=#=#=# Syncrun started 2019-03-06T13:34:11Z
#=#=#=# Syncrun finished 2019-03-06T13:34:14Z (last step: 2819 msec, total: 2819 msec)
#=#=#=# Syncrun started 2019-03-06T13:35:34Z
#=#=#=# Syncrun finished 2019-03-06T13:35:35Z (last step: 999 msec, total: 999 msec)
#=#=#=# Syncrun started 2019-03-06T13:42:02Z
#=#=#=# Syncrun finished 2019-03-06T13:42:04Z (last step: 2077 msec, total: 2077 msec)
#=#=#=# Syncrun started 2019-03-06T13:42:52Z
#=#=#=# Syncrun finished 2019-03-06T13:42:52Z (last step: 389 msec, total: 389 msec)
#=#=#=# Syncrun started 2019-03-06T13:52:36Z
#=#=#=# Syncrun finished 2019-03-06T13:52:38Z (last step: 1807 msec, total: 1807 msec)
#=#=#=# Syncrun started 2019-03-06T13:52:48Z
#=#=#=# Syncrun finished 2019-03-06T13:52:49Z (last step: 282 msec, total: 282 msec)
#=#=#=# Syncrun started 2019-03-06T13:56:25Z
#=#=#=# Syncrun finished 2019-03-06T13:56:26Z (last step: 409 msec, total: 409 msec)
#=#=#=# Syncrun started 2019-03-06T13:56:56Z
#=#=#=# Syncrun finished 2019-03-06T13:56:56Z (last step: 333 msec, total: 333 msec)
#=#=#=# Syncrun started 2019-03-06T13:58:34Z
#=#=#=# Syncrun finished 2019-03-06T13:58:35Z (last step: 354 msec, total: 354 msec)
#=#=#=# Syncrun started 2019-03-06T13:58:52Z
#=#=#=# Syncrun finished 2019-03-06T13:58:53Z (last step: 311 msec, total: 311 msec)
#=#=#=# Syncrun started 2019-03-06T13:59:22Z
#=#=#=# Syncrun finished 2019-03-06T13:59:23Z (last step: 397 msec, total: 397 msec)
#=#=#=# Syncrun started 2019-03-06T13:59:47Z
#=#=#=# Syncrun finished 2019-03-06T13:59:48Z (last step: 503 msec, total: 503 msec)
#=#=#=# Syncrun started 2019-03-06T14:00:06Z
#=#=#=# Syncrun finished 2019-03-06T14:00:09Z (last step: 2597 msec, total: 2597 msec)
#=#=#=# Syncrun started 2019-03-06T14:01:15Z
#=#=#=# Syncrun finished 2019-03-06T14:01:15Z (last step: 336 msec, total: 336 msec)
#=#=#=# Syncrun started 2019-03-06T14:01:18Z
#=#=#=# Syncrun finished 2019-03-06T14:01:18Z (last step: 293 msec, total: 293 msec)
#=#=#=# Syncrun started 2019-03-06T14:01:23Z
#=#=#=# Syncrun finished 2019-03-06T14:01:23Z (last step: 299 msec, total: 299 msec)
#=#=#=# Syncrun started 2019-03-06T14:04:49Z
#=#=#=# Syncrun finished 2019-03-06T14:04:50Z (last step: 643 msec, total: 643 msec)
#=#=#=# Syncrun started 2019-03-06T14:07:44Z
#=#=#=# Syncrun finished 2019-03-06T14:07:46Z (last step: 2119 msec, total: 2119 msec)
#=#=#=# Syncrun started 2019-03-06T14:09:45Z
#=#=#=# Syncrun finished 2019-03-06T14:09:46Z (last step: 698 msec, total: 698 msec)
#=#=#=# Syncrun started 2019-03-06T14:11:19Z
#=#=#=# Syncrun finished 2019-03-06T14:11:21Z (last step: 2092 msec, total: 2092 msec)
#=#=#=# Syncrun started 2019-03-06T14:14:40Z
#=#=#=# Syncrun finished 2019-03-06T14:14:44Z (last step: 4057 msec, total: 4057 msec)
#=#=#=# Syncrun started 2019-03-06T14:17:21Z
#=#=#=# Syncrun finished 2019-03-06T14:17:21Z (last step: 366 msec, total: 366 msec)
#=#=#=# Syncrun started 2019-03-06T14:17:26Z
#=#=#=# Syncrun finished 2019-03-06T14:17:30Z (last step: 4126 msec, total: 4126 msec)
#=#=#=# Syncrun started 2019-03-06T14:17:42Z
#=#=#=# Syncrun finished 2019-03-06T14:17:42Z (last step: 322 msec, total: 322 msec)
#=#=#=# Syncrun started 2019-03-06T14:18:14Z
#=#=#=# Syncrun finished 2019-03-06T14:18:15Z (last step: 289 msec, total: 289 msec)
#=#=#=# Syncrun started 2019-03-06T14:18:50Z
#=#=#=# Syncrun finished 2019-03-06T14:18:52Z (last step: 1566 msec, total: 1566 msec)
#=#=#=# Syncrun started 2019-03-06T14:29:08Z
#=#=#=# Syncrun finished 2019-03-06T14:29:10Z (last step: 2022 msec, total: 2022 msec)
#=#=#=# Syncrun started 2019-03-06T14:29:50Z
#=#=#=# Syncrun finished 2019-03-06T14:29:50Z (last step: 364 msec, total: 364 msec)
#=#=#=# Syncrun started 2019-03-06T14:32:17Z
#=#=#=# Syncrun finished 2019-03-06T14:32:19Z (last step: 1271 msec, total: 1271 msec)
#=#=#=# Syncrun started 2019-03-06T14:33:08Z
#=#=#=# Syncrun finished 2019-03-06T14:33:08Z (last step: 377 msec, total: 377 msec)
#=#=#=# Syncrun started 2019-03-06T14:34:08Z
#=#=#=# Syncrun finished 2019-03-06T14:34:08Z (last step: 486 msec, total: 486 msec)
#=#=#=# Syncrun started 2019-03-06T14:36:00Z
#=#=#=# Syncrun finished 2019-03-06T14:36:02Z (last step: 1756 msec, total: 1756 msec)
#=#=#=# Syncrun started 2019-03-06T14:36:26Z
#=#=#=# Syncrun finished 2019-03-06T14:36:26Z (last step: 376 msec, total: 376 msec)
#=#=#=# Syncrun started 2019-03-06T14:38:33Z
#=#=#=# Syncrun finished 2019-03-06T14:38:34Z (last step: 320 msec, total: 320 msec)
#=#=#=# Syncrun started 2019-03-06T14:38:52Z
#=#=#=# Syncrun finished 2019-03-06T14:38:54Z (last step: 2574 msec, total: 2574 msec)
#=#=#=# Syncrun started 2019-03-06T14:39:03Z
#=#=#=# Syncrun finished 2019-03-06T14:39:04Z (last step: 401 msec, total: 401 msec)
#=#=#=# Syncrun started 2019-03-06T14:39:52Z
#=#=#=# Syncrun finished 2019-03-06T14:39:52Z (last step: 638 msec, total: 638 msec)
#=#=#=# Syncrun started 2019-03-06T14:40:33Z
#=#=#=# Syncrun finished 2019-03-06T14:40:38Z (last step: 4320 msec, total: 4320 msec)
#=#=#=# Syncrun started 2019-03-06T14:43:19Z
#=#=#=# Syncrun finished 2019-03-06T14:43:20Z (last step: 704 msec, total: 704 msec)
#=#=#=# Syncrun started 2019-03-06T14:43:56Z
#=#=#=# Syncrun finished 2019-03-06T14:43:59Z (last step: 3009 msec, total: 3009 msec)
#=#=#=# Syncrun started 2019-03-06T14:44:37Z
#=#=#=# Syncrun finished 2019-03-06T14:44:41Z (last step: 3555 msec, total: 3555 msec)
#=#=#=# Syncrun started 2019-03-06T14:46:01Z
#=#=#=# Syncrun finished 2019-03-06T14:46:01Z (last step: 327 msec, total: 327 msec)
#=#=#=# Syncrun started 2019-03-06T14:48:55Z
#=#=#=# Syncrun finished 2019-03-06T14:48:56Z (last step: 1472 msec, total: 1472 msec)
#=#=#=# Syncrun started 2019-03-06T14:50:13Z
#=#=#=# Syncrun finished 2019-03-06T14:50:14Z (last step: 314 msec, total: 314 msec)
#=#=#=# Syncrun started 2019-03-06T14:51:38Z
#=#=#=# Syncrun finished 2019-03-06T14:51:39Z (last step: 337 msec, total: 337 msec)
#=#=#=# Syncrun started 2019-03-06T14:52:36Z
#=#=#=# Syncrun finished 2019-03-06T14:52:38Z (last step: 2460 msec, total: 2460 msec)
#=#=#=# Syncrun started 2019-03-06T14:53:20Z
#=#=#=# Syncrun finished 2019-03-06T14:53:21Z (last step: 1344 msec, total: 1344 msec)
#=#=#=# Syncrun started 2019-03-06T14:56:14Z
#=#=#=# Syncrun finished 2019-03-06T14:56:14Z (last step: 493 msec, total: 493 msec)
#=#=#=# Syncrun started 2019-03-06T14:56:30Z
#=#=#=# Syncrun finished 2019-03-06T14:56:32Z (last step: 2596 msec, total: 2596 msec)
#=#=#=# Syncrun started 2019-03-06T14:57:39Z
#=#=#=# Syncrun finished 2019-03-06T14:57:39Z (last step: 499 msec, total: 499 msec)
#=#=#=# Syncrun started 2019-03-06T14:57:52Z
#=#=#=# Syncrun finished 2019-03-06T14:57:53Z (last step: 1416 msec, total: 1416 msec)
#=#=#=# Syncrun started 2019-03-06T14:58:03Z
#=#=#=# Syncrun finished 2019-03-06T14:58:04Z (last step: 1647 msec, total: 1647 msec)
#=#=#=# Syncrun started 2019-03-06T15:00:58Z
#=#=#=# Syncrun finished 2019-03-06T15:00:59Z (last step: 481 msec, total: 481 msec)
#=#=#=# Syncrun started 2019-03-06T15:01:22Z
#=#=#=# Syncrun finished 2019-03-06T15:01:22Z (last step: 295 msec, total: 295 msec)
#=#=#=# Syncrun started 2019-03-06T15:03:53Z
#=#=#=# Syncrun finished 2019-03-06T15:03:54Z (last step: 819 msec, total: 819 msec)
#=#=#=# Syncrun started 2019-03-06T15:05:31Z
#=#=#=# Syncrun finished 2019-03-06T15:05:31Z (last step: 567 msec, total: 567 msec)
#=#=#=# Syncrun started 2019-03-06T15:07:00Z
#=#=#=# Syncrun finished 2019-03-06T15:07:00Z (last step: 300 msec, total: 300 msec)
#=#=#=# Syncrun started 2019-03-06T15:07:53Z
#=#=#=# Syncrun finished 2019-03-06T15:07:55Z (last step: 1439 msec, total: 1439 msec)
#=#=#=# Syncrun started 2019-03-06T15:08:21Z
#=#=#=# Syncrun finished 2019-03-06T15:08:21Z (last step: 411 msec, total: 411 msec)
#=#=#=# Syncrun started 2019-03-06T15:09:07Z
#=#=#=# Syncrun finished 2019-03-06T15:09:08Z (last step: 534 msec, total: 534 msec)
#=#=#=# Syncrun started 2019-03-06T15:09:18Z
#=#=#=# Syncrun finished 2019-03-06T15:09:19Z (last step: 300 msec, total: 300 msec)
#=#=#=# Syncrun started 2019-03-06T15:09:32Z
#=#=#=# Syncrun finished 2019-03-06T15:09:33Z (last step: 521 msec, total: 521 msec)
#=#=#=# Syncrun started 2019-03-06T15:11:27Z
#=#=#=# Syncrun finished 2019-03-06T15:11:27Z (last step: 482 msec, total: 482 msec)
#=#=#=# Syncrun started 2019-03-06T15:14:31Z
#=#=#=# Syncrun finished 2019-03-06T15:14:32Z (last step: 454 msec, total: 454 msec)
#=#=#=# Syncrun started 2019-03-06T15:14:50Z
#=#=#=# Syncrun finished 2019-03-06T15:14:52Z (last step: 1422 msec, total: 1422 msec)
#=#=#=# Syncrun started 2019-03-06T15:15:23Z
#=#=#=# Syncrun finished 2019-03-06T15:15:24Z (last step: 389 msec, total: 389 msec)
#=#=#=# Syncrun started 2019-03-06T15:16:09Z
#=#=#=# Syncrun finished 2019-03-06T15:16:13Z (last step: 3315 msec, total: 3315 msec)
#=#=#=# Syncrun started 2019-03-06T15:16:45Z
#=#=#=# Syncrun finished 2019-03-06T15:16:46Z (last step: 514 msec, total: 514 msec)
#=#=#=# Syncrun started 2019-03-06T15:17:47Z
#=#=#=# Syncrun finished 2019-03-06T15:17:47Z (last step: 467 msec, total: 467 msec)
#=#=#=# Syncrun started 2019-03-06T15:18:07Z
#=#=#=# Syncrun finished 2019-03-06T15:18:14Z (last step: 6587 msec, total: 6587 msec)
#=#=#=# Syncrun started 2019-03-06T15:20:42Z
#=#=#=# Syncrun finished 2019-03-06T15:20:46Z (last step: 3603 msec, total: 3603 msec)
#=#=#=# Syncrun started 2019-03-06T15:21:40Z
#=#=#=# Syncrun finished 2019-03-06T15:21:40Z (last step: 352 msec, total: 352 msec)
#=#=#=# Syncrun started 2019-03-06T15:22:12Z
#=#=#=# Syncrun finished 2019-03-06T15:22:12Z (last step: 406 msec, total: 406 msec)
#=#=#=# Syncrun started 2019-03-06T15:22:44Z
#=#=#=# Syncrun finished 2019-03-06T15:22:45Z (last step: 369 msec, total: 369 msec)
#=#=#=# Syncrun started 2019-03-06T15:22:57Z
#=#=#=# Syncrun finished 2019-03-06T15:22:58Z (last step: 403 msec, total: 403 msec)
#=#=#=# Syncrun started 2019-03-06T15:23:14Z
#=#=#=# Syncrun finished 2019-03-06T15:23:15Z (last step: 304 msec, total: 304 msec)
#=#=#=# Syncrun started 2019-03-06T15:23:18Z
#=#=#=# Syncrun finished 2019-03-06T15:23:19Z (last step: 293 msec, total: 293 msec)
#=#=#=# Syncrun started 2019-03-06T15:23:56Z
#=#=#=# Syncrun finished 2019-03-06T15:23:56Z (last step: 373 msec, total: 373 msec)
#=#=#=# Syncrun started 2019-03-06T15:24:27Z
#=#=#=# Syncrun finished 2019-03-06T15:24:27Z (last step: 387 msec, total: 387 msec)
#=#=#=# Syncrun started 2019-03-06T15:24:55Z
#=#=#=# Syncrun finished 2019-03-06T15:24:57Z (last step: 1678 msec, total: 1678 msec)
#=#=#=# Syncrun started 2019-03-06T15:25:06Z
#=#=#=# Syncrun finished 2019-03-06T15:25:07Z (last step: 308 msec, total: 308 msec)
#=#=#=# Syncrun started 2019-03-06T15:25:32Z
#=#=#=# Syncrun finished 2019-03-06T15:25:34Z (last step: 1629 msec, total: 1629 msec)
#=#=#=# Syncrun started 2019-03-06T15:26:36Z
#=#=#=# Syncrun finished 2019-03-06T15:26:36Z (last step: 451 msec, total: 451 msec)
#=#=#=# Syncrun started 2019-03-06T15:29:59Z
#=#=#=# Syncrun finished 2019-03-06T15:29:59Z (last step: 351 msec, total: 351 msec)
#=#=#=# Syncrun started 2019-03-06T15:30:22Z
#=#=#=# Syncrun finished 2019-03-06T15:30:24Z (last step: 1710 msec, total: 1710 msec)
#=#=#=# Syncrun started 2019-03-06T15:31:59Z
#=#=#=# Syncrun finished 2019-03-06T15:32:00Z (last step: 280 msec, total: 280 msec)
